<?xml version="1.0" encoding="UTF-8"?>
<testng-results ignored="0" total="2" passed="2" failed="0" skipped="0">
  <reporter-output>
  </reporter-output>
  <suite started-at="2023-10-02T15:46:42 IST" name="Default suite" finished-at="2023-10-02T15:46:42 IST" duration-ms="68">
    <groups>
    </groups>
    <test started-at="2023-10-02T15:46:42 IST" name="Default test" finished-at="2023-10-02T15:46:42 IST" duration-ms="68">
      <class name="testng.BasicTestXml">
        <test-method signature="Demo()[pri:0, instance:testng.BasicTestXml@25084a1e]" started-at="2023-10-02T15:46:42 IST" name="Demo" finished-at="2023-10-02T15:46:42 IST" duration-ms="13" status="PASS">
          <reporter-output>
          </reporter-output>
        </test-method> <!-- Demo -->
        <test-method signature="Demo2()[pri:0, instance:testng.BasicTestXml@25084a1e]" started-at="2023-10-02T15:46:42 IST" name="Demo2" finished-at="2023-10-02T15:46:42 IST" duration-ms="2" status="PASS">
          <reporter-output>
          </reporter-output>
        </test-method> <!-- Demo2 -->
      </class> <!-- testng.BasicTestXml -->
    </test> <!-- Default test -->
  </suite> <!-- Default suite -->
</testng-results>
